<?xml version="1.0" encoding="UTF-8"?>
<testsuite name="com.bridgelabz.invoiceservice.InvoiceServiceTest" tests="1" skipped="0" failures="0" errors="0" timestamp="2020-04-16T08:30:52" hostname="aarti" time="0.002">
  <properties/>
  <testcase name="givenDistanceAndTime_shouldReturnTotalFare" classname="com.bridgelabz.invoiceservice.InvoiceServiceTest" time="0.002"/>
  <system-out><![CDATA[]]></system-out>
  <system-err><![CDATA[]]></system-err>
</testsuite>
