<?xml version="1.0" encoding="UTF-8"?>
<testsuite name="com.bridgelabz.invoiceservice.InvoiceServiceTest" tests="5" skipped="0" failures="0" errors="0" timestamp="2020-04-17T13:03:22" hostname="aarti" time="0.007">
  <properties/>
  <testcase name="givenMultipleRides_shouldReturnInvoiceSummary" classname="com.bridgelabz.invoiceservice.InvoiceServiceTest" time="0.002"/>
  <testcase name="givenDistanceAndTime_shouldReturnTotalFare" classname="com.bridgelabz.invoiceservice.InvoiceServiceTest" time="0.0"/>
  <testcase name="givenUserIdAndSummary_shouldReturnInvoiceSummary" classname="com.bridgelabz.invoiceservice.InvoiceServiceTest" time="0.0"/>
  <testcase name="givenLessDistanceOrTime_shouldReturnMinFare" classname="com.bridgelabz.invoiceservice.InvoiceServiceTest" time="0.0"/>
  <testcase name="givenMultipleRides_shouldReturnTotalFare" classname="com.bridgelabz.invoiceservice.InvoiceServiceTest" time="0.0"/>
  <system-out><![CDATA[]]></system-out>
  <system-err><![CDATA[]]></system-err>
</testsuite>
