<?xml version="1.0" encoding="UTF-8"?>
<testsuite name="com.bridgelabz.invoiceservice.InvoiceServiceTest" tests="1" skipped="0" failures="0" errors="0" timestamp="2020-04-17T16:35:26" hostname="aarti" time="0.001">
  <properties/>
  <testcase name="givenUserIdAndRides_ShouldReturnInvoiceOfAllRides" classname="com.bridgelabz.invoiceservice.InvoiceServiceTest" time="0.001"/>
  <system-out><![CDATA[]]></system-out>
  <system-err><![CDATA[]]></system-err>
</testsuite>
